<?xml version="1.0" encoding="UTF-8"?>
<!-- Generated by org.testng.reporters.JUnitReportReporter -->
<testsuite hostname="ISJs-MacBook-Pro.local" failures="0" tests="1" name="web.TestClass" time="16.318" errors="0" timestamp="2024-03-29T12:46:33 MYT" skipped="0">
  <testcase classname="web.TestClass" name="backOfficeLogin" time="16.318"/>
</testsuite> <!-- web.TestClass -->
